# JRE version: Java(TM) SE Runtime Environment (8.0_20-b26) (build 1.8.0_20-b26)
# Java VM: Java HotSpot(TM) 64-Bit Server VM (25.20-b23 mixed mode linux-amd64 compressed oops)
Heap:
 PSYoungGen      total 133632K, used 17888K [0x00000000ec000000, 0x00000000f5600000, 0x0000000100000000)
  eden space 115712K, 0% used [0x00000000ec000000,0x00000000ec000000,0x00000000f3100000)
  from space 17920K, 99% used [0x00000000f3100000,0x00000000f4278040,0x00000000f4280000)
  to   space 15872K, 0% used [0x00000000f4280000,0x00000000f4280000,0x00000000f5200000)
 ParOldGen       total 40960K, used 33052K [0x00000000c4000000, 0x00000000c6800000, 0x00000000ec000000)
  object space 40960K, 80% used [0x00000000c4000000,0x00000000c60470b8,0x00000000c6800000)
 Metaspace       used 13020K, capacity 13284K, committed 13568K, reserved 1060864K
  class space    used 1425K, capacity 1493K, committed 1536K, reserved 1048576K
GC Heap History (10 events):
Event: 6.446 GC heap after
Heap after GC invocations=4 (full 0):
 PSYoungGen      total 33280K, used 2544K [0x00000000ec000000, 0x00000000ee300000, 0x0000000100000000)
  eden space 30720K, 0% used [0x00000000ec000000,0x00000000ec000000,0x00000000ede00000)
  from space 2560K, 99% used [0x00000000ee080000,0x00000000ee2fc020,0x00000000ee300000)
  to   space 2560K, 0% used [0x00000000ede00000,0x00000000ede00000,0x00000000ee080000)
 ParOldGen       total 40960K, used 14375K [0x00000000c4000000, 0x00000000c6800000, 0x00000000ec000000)
  object space 40960K, 35% used [0x00000000c4000000,0x00000000c4e09dc0,0x00000000c6800000)
 Metaspace       used 12096K, capacity 12286K, committed 12416K, reserved 1060864K
  class space    used 1341K, capacity 1396K, committed 1408K, reserved 1048576K
}
Event: 7.293 GC heap before
{Heap before GC invocations=5 (full 0):
 PSYoungGen      total 33280K, used 33264K [0x00000000ec000000, 0x00000000ee300000, 0x0000000100000000)
  eden space 30720K, 100% used [0x00000000ec000000,0x00000000ede00000,0x00000000ede00000)
  from space 2560K, 99% used [0x00000000ee080000,0x00000000ee2fc020,0x00000000ee300000)
  to   space 2560K, 0% used [0x00000000ede00000,0x00000000ede00000,0x00000000ee080000)
 ParOldGen       total 40960K, used 14375K [0x00000000c4000000, 0x00000000c6800000, 0x00000000ec000000)
  object space 40960K, 35% used [0x00000000c4000000,0x00000000c4e09dc0,0x00000000c6800000)
 Metaspace       used 12956K, capacity 13156K, committed 13312K, reserved 1060864K
  class space    used 1424K, capacity 1493K, committed 1536K, reserved 1048576K
Event: 7.331 GC heap after
Heap after GC invocations=5 (full 0):
 PSYoungGen      total 33280K, used 2552K [0x00000000ec000000, 0x00000000f1000000, 0x0000000100000000)
  eden space 30720K, 0% used [0x00000000ec000000,0x00000000ec000000,0x00000000ede00000)
  from space 2560K, 99% used [0x00000000ede00000,0x00000000ee07e0b8,0x00000000ee080000)
  to   space 10240K, 0% used [0x00000000f0600000,0x00000000f0600000,0x00000000f1000000)
 ParOldGen       total 40960K, used 21092K [0x00000000c4000000, 0x00000000c6800000, 0x00000000ec000000)
  object space 40960K, 51% used [0x00000000c4000000,0x00000000c5499220,0x00000000c6800000)
 Metaspace       used 12956K, capacity 13156K, committed 13312K, reserved 1060864K
  class space    used 1424K, capacity 1493K, committed 1536K, reserved 1048576K
}
Event: 7.524 GC heap before
{Heap before GC invocations=6 (full 0):
 PSYoungGen      total 33280K, used 33272K [0x00000000ec000000, 0x00000000f1000000, 0x0000000100000000)
  eden space 30720K, 100% used [0x00000000ec000000,0x00000000ede00000,0x00000000ede00000)
  from space 2560K, 99% used [0x00000000ede00000,0x00000000ee07e0b8,0x00000000ee080000)
  to   space 10240K, 0% used [0x00000000f0600000,0x00000000f0600000,0x00000000f1000000)
 ParOldGen       total 40960K, used 21092K [0x00000000c4000000, 0x00000000c6800000, 0x00000000ec000000)
  object space 40960K, 51% used [0x00000000c4000000,0x00000000c5499220,0x00000000c6800000)
 Metaspace       used 12960K, capacity 13156K, committed 13312K, reserved 1060864K
  class space    used 1424K, capacity 1493K, committed 1536K, reserved 1048576K
Event: 7.573 GC heap after
Heap after GC invocations=6 (full 0):
 PSYoungGen      total 69120K, used 10228K [0x00000000ec000000, 0x00000000f1500000, 0x0000000100000000)
  eden space 58880K, 0% used [0x00000000ec000000,0x00000000ec000000,0x00000000ef980000)
  from space 10240K, 99% used [0x00000000f0600000,0x00000000f0ffd1a8,0x00000000f1000000)
  to   space 12800K, 0% used [0x00000000ef980000,0x00000000ef980000,0x00000000f0600000)
 ParOldGen       total 40960K, used 22652K [0x00000000c4000000, 0x00000000c6800000, 0x00000000ec000000)
  object space 40960K, 55% used [0x00000000c4000000,0x00000000c561f3a8,0x00000000c6800000)
 Metaspace       used 12960K, capacity 13156K, committed 13312K, reserved 1060864K
  class space    used 1424K, capacity 1493K, committed 1536K, reserved 1048576K
}
Event: 8.429 GC heap before
{Heap before GC invocations=7 (full 0):
 PSYoungGen      total 69120K, used 69108K [0x00000000ec000000, 0x00000000f1500000, 0x0000000100000000)
  eden space 58880K, 100% used [0x00000000ec000000,0x00000000ef980000,0x00000000ef980000)
  from space 10240K, 99% used [0x00000000f0600000,0x00000000f0ffd1a8,0x00000000f1000000)
  to   space 12800K, 0% used [0x00000000ef980000,0x00000000ef980000,0x00000000f0600000)
 ParOldGen       total 40960K, used 22652K [0x00000000c4000000, 0x00000000c6800000, 0x00000000ec000000)
  object space 40960K, 55% used [0x00000000c4000000,0x00000000c561f3a8,0x00000000c6800000)
 Metaspace       used 12974K, capacity 13156K, committed 13312K, reserved 1060864K
  class space    used 1424K, capacity 1493K, committed 1536K, reserved 1048576K
Event: 8.545 GC heap after
Heap after GC invocations=7 (full 0):
 PSYoungGen      total 71680K, used 12791K [0x00000000ec000000, 0x00000000f5200000, 0x0000000100000000)
  eden space 58880K, 0% used [0x00000000ec000000,0x00000000ec000000,0x00000000ef980000)
  from space 12800K, 99% used [0x00000000ef980000,0x00000000f05fdeb0,0x00000000f0600000)
  to   space 15872K, 0% used [0x00000000f4280000,0x00000000f4280000,0x00000000f5200000)
 ParOldGen       total 40960K, used 25674K [0x00000000c4000000, 0x00000000c6800000, 0x00000000ec000000)
  object space 40960K, 62% used [0x00000000c4000000,0x00000000c5912b98,0x00000000c6800000)
 Metaspace       used 12974K, capacity 13156K, committed 13312K, reserved 1060864K
  class space    used 1424K, capacity 1493K, committed 1536K, reserved 1048576K
}
Event: 9.516 GC heap before
{Heap before GC invocations=8 (full 0):
 PSYoungGen      total 71680K, used 71671K [0x00000000ec000000, 0x00000000f5200000, 0x0000000100000000)
  eden space 58880K, 100% used [0x00000000ec000000,0x00000000ef980000,0x00000000ef980000)
  from space 12800K, 99% used [0x00000000ef980000,0x00000000f05fdeb0,0x00000000f0600000)
  to   space 15872K, 0% used [0x00000000f4280000,0x00000000f4280000,0x00000000f5200000)
 ParOldGen       total 40960K, used 25674K [0x00000000c4000000, 0x00000000c6800000, 0x00000000ec000000)
  object space 40960K, 62% used [0x00000000c4000000,0x00000000c5912b98,0x00000000c6800000)
 Metaspace       used 13007K, capacity 13220K, committed 13312K, reserved 1060864K
  class space    used 1425K, capacity 1493K, committed 1536K, reserved 1048576K
Event: 9.645 GC heap after
Heap after GC invocations=8 (full 0):
 PSYoungGen      total 131584K, used 14479K [0x00000000ec000000, 0x00000000f5600000, 0x0000000100000000)
  eden space 115712K, 0% used [0x00000000ec000000,0x00000000ec000000,0x00000000f3100000)
  from space 15872K, 91% used [0x00000000f4280000,0x00000000f50a3cb0,0x00000000f5200000)
  to   space 17920K, 0% used [0x00000000f3100000,0x00000000f3100000,0x00000000f4280000)
 ParOldGen       total 40960K, used 25690K [0x00000000c4000000, 0x00000000c6800000, 0x00000000ec000000)
  object space 40960K, 62% used [0x00000000c4000000,0x00000000c5916b98,0x00000000c6800000)
 Metaspace       used 13007K, capacity 13220K, committed 13312K, reserved 1060864K
  class space    used 1425K, capacity 1493K, committed 1536K, reserved 1048576K
}
Event: 11.387 GC heap before
{Heap before GC invocations=9 (full 0):
 PSYoungGen      total 131584K, used 130191K [0x00000000ec000000, 0x00000000f5600000, 0x0000000100000000)
  eden space 115712K, 100% used [0x00000000ec000000,0x00000000f3100000,0x00000000f3100000)
  from space 15872K, 91% used [0x00000000f4280000,0x00000000f50a3cb0,0x00000000f5200000)
  to   space 17920K, 0% used [0x00000000f3100000,0x00000000f3100000,0x00000000f4280000)
 ParOldGen       total 40960K, used 25690K [0x00000000c4000000, 0x00000000c6800000, 0x00000000ec000000)
  object space 40960K, 62% used [0x00000000c4000000,0x00000000c5916b98,0x00000000c6800000)
 Metaspace       used 13020K, capacity 13284K, committed 13568K, reserved 1060864K
  class space    used 1425K, capacity 1493K, committed 1536K, reserved 1048576K

